<?xml version="1.0" encoding="UTF-8"?>
<!-- Generated by org.testng.reporters.JUnitReportReporter -->
<testsuite skipped="0" hostname="DESKTOP-G4P6S3Q" name="testCases.Login" tests="3" failures="0" timestamp="2023-08-06T11:26:30 IST" time="130.096" errors="0">
  <testcase name="testLogin" time="39.967" classname="testCases.Login"/>
  <system-out/>
  <testcase name="LiginWithInvalidPasswodCredentials" time="66.102" classname="testCases.Login"/>
  <system-out/>
  <testcase name="LiginWithoutPasswodCredentials" time="24.027" classname="testCases.Login"/>
  <system-out/>
</testsuite> <!-- testCases.Login -->
