<?xml version="1.0" encoding="UTF-8"?>
<!-- Generated by org.testng.reporters.JUnitReportReporter -->
<testsuite skipped="0" hostname="DESKTOP-G4P6S3Q" name="testCases.signUp" tests="2" failures="0" timestamp="2023-08-06T11:26:30 IST" time="46.368" errors="0">
  <testcase name="SignUpWithInvalidCredentials" time="20.692" classname="testCases.signUp"/>
  <system-out/>
  <testcase name="testSignUp" time="25.676" classname="testCases.signUp"/>
  <system-out/>
</testsuite> <!-- testCases.signUp -->
